[2022-07-10 19:59:05] [ INFO ] [PacienteController:43] Se guardó el paciente exitosamente
[2022-07-10 19:59:06] [ INFO ] [PacienteController:43] Se guardó el paciente exitosamente
[2022-07-10 20:15:21] [ INFO ] [PacienteController:42] Se guardó el paciente exitosamente
[2022-07-10 20:16:27] [ ERROR] [PacienteController:34] Error
[2022-07-10 20:23:00] [ INFO ] [PacienteController:42] Se guardó el paciente exitosamente
[2022-07-10 20:25:16] [ ERROR] [PacienteController:63] Error al ingresar el id del paciente para eliminarlo
[2022-07-10 20:25:19] [ ERROR] [PacienteController:34] Error al ingresar el id del paciente para mostrarlo
[2022-07-10 20:28:22] [ ERROR] [PacienteController:63] Error al ingresar el id del paciente para eliminarlo
[2022-07-10 20:28:25] [ ERROR] [OdontologoController:58] Error al ingresar el id del odontólogo para eliminarlo
[2022-07-10 20:43:49] [ INFO ] [PacienteController:45] Se guardó el paciente exitosamente
[2022-07-10 20:43:52] [ INFO ] [PacienteController:45] Se guardó el paciente exitosamente
[2022-07-10 20:43:58] [ INFO ] [PacienteController:57] El paciente se ha actualizado correctamente
[2022-07-10 20:44:02] [ INFO ] [PacienteController:70] Se eliminó el paciente con id: 2 correctamente.
[2022-07-10 20:44:09] [ INFO ] [OdontologoController:41] Se guardó el odontólogo exitosamente
[2022-07-10 20:44:20] [ INFO ] [OdontologoController:53] El odontólogo se ha actualizado correctamente
[2022-07-10 20:44:24] [ INFO ] [OdontologoController:41] Se guardó el odontólogo exitosamente
[2022-07-10 20:44:26] [ INFO ] [OdontologoController:66] Se eliminó el odontólogo con id: 2 correctamente.
[2022-07-10 20:44:45] [ INFO ] [TurnoController:53] El turno se ha actualizado correctamente
[2022-07-10 20:44:50] [ ERROR] [TurnoController:72] Error al ingresar el id del turno para eliminarlo
[2022-07-10 20:44:58] [ INFO ] [TurnoController:68] Se eliminó el turno con id: 2 correctamente.
[2022-07-10 20:46:23] [ ERROR] [PacienteController:36] Error al ingresar el id del paciente para mostrarlo
[2022-07-10 20:46:33] [ ERROR] [PacienteController:36] Error al ingresar el id del paciente para mostrarlo
[2022-07-10 21:02:43] [ ERROR] [TurnoController:81] Error al ingresar el id del turno para eliminarlo
[2022-07-10 21:02:48] [ ERROR] [TurnoController:81] Error al ingresar el id del turno para eliminarlo
[2022-07-10 21:04:50] [ ERROR] [PacienteController:37] No se encontró el paciente con el id 1676756
[2022-07-10 21:06:37] [ INFO ] [PacienteController:46] Se guardó el paciente exitosamente
[2022-07-10 21:09:13] [ INFO ] [PacienteController:46] Se guardó el paciente exitosamente
[2022-07-10 21:09:15] [ INFO ] [PacienteController:46] Se guardó el paciente exitosamente
[2022-07-10 21:09:23] [ ERROR] [PacienteController:49] not-null property references a null or transient value : com.dh.RESTREPO_VIVIANA_INTEGRADOR.entities.Paciente.email; nested exception is org.hibernate.PropertyValueException: not-null property references a null or transient value : com.dh.RESTREPO_VIVIANA_INTEGRADOR.entities.Paciente.email
[2022-07-10 21:12:47] [ ERROR] [PacienteController:52] La domicilio debe ser diligenciado
[2022-07-11 09:55:51] [ ERROR] [TurnoController:54] detached entity passed to persist: com.dh.RESTREPO_VIVIANA_INTEGRADOR.entities.Odontologo; nested exception is org.hibernate.PersistentObjectException: detached entity passed to persist: com.dh.RESTREPO_VIVIANA_INTEGRADOR.entities.Odontologo
[2022-07-11 09:56:05] [ ERROR] [TurnoController:54] detached entity passed to persist: com.dh.RESTREPO_VIVIANA_INTEGRADOR.entities.Odontologo; nested exception is org.hibernate.PersistentObjectException: detached entity passed to persist: com.dh.RESTREPO_VIVIANA_INTEGRADOR.entities.Odontologo
[2022-07-11 09:56:09] [ INFO ] [OdontologoController:46] Se guardó el odontólogo exitosamente
[2022-07-11 09:56:12] [ INFO ] [PacienteController:26] Se listaron los pacientes satisfactoriamente
[2022-07-11 09:56:16] [ INFO ] [PacienteController:49] Se guardó el paciente exitosamente
[2022-07-11 09:56:19] [ ERROR] [TurnoController:54] detached entity passed to persist: com.dh.RESTREPO_VIVIANA_INTEGRADOR.entities.Odontologo; nested exception is org.hibernate.PersistentObjectException: detached entity passed to persist: com.dh.RESTREPO_VIVIANA_INTEGRADOR.entities.Odontologo
[2022-07-11 10:01:52] [ INFO ] [PacienteController:49] Se guardó el paciente exitosamente
[2022-07-11 10:01:54] [ INFO ] [PacienteController:49] Se guardó el paciente exitosamente
[2022-07-11 10:01:58] [ INFO ] [PacienteController:26] Se listaron los pacientes satisfactoriamente
[2022-07-11 10:02:01] [ INFO ] [PacienteController:61] El paciente se ha actualizado correctamente
[2022-07-11 10:02:05] [ INFO ] [PacienteController:74] Se eliminó el paciente con id: 2 correctamente.
[2022-07-11 10:02:10] [ INFO ] [PacienteController:34] Se pudo mostrar el paciente correctamente
[2022-07-11 10:02:14] [ INFO ] [PacienteController:26] Se listaron los pacientes satisfactoriamente
[2022-07-11 10:02:18] [ INFO ] [OdontologoController:46] Se guardó el odontólogo exitosamente
[2022-07-11 10:02:19] [ INFO ] [OdontologoController:46] Se guardó el odontólogo exitosamente
[2022-07-11 10:02:21] [ INFO ] [OdontologoController:25] Se listaron los odontólogos satisfactoriamente
[2022-07-11 10:02:29] [ INFO ] [OdontologoController:58] El odontólogo se ha actualizado correctamente
[2022-07-11 10:02:33] [ INFO ] [OdontologoController:71] Se eliminó el odontólogo con id: 2 correctamente.
[2022-07-11 10:02:36] [ INFO ] [OdontologoController:25] Se listaron los odontólogos satisfactoriamente
[2022-07-11 10:03:16] [ INFO ] [OdontologoController:33] Se pudo mostrar el odontólogo correctamente
[2022-07-11 10:03:32] [ INFO ] [OdontologoController:25] Se listaron los odontólogos satisfactoriamente
[2022-07-11 10:03:35] [ ERROR] [TurnoController:54] detached entity passed to persist: com.dh.RESTREPO_VIVIANA_INTEGRADOR.entities.Odontologo; nested exception is org.hibernate.PersistentObjectException: detached entity passed to persist: com.dh.RESTREPO_VIVIANA_INTEGRADOR.entities.Odontologo
[2022-07-11 10:03:37] [ INFO ] [TurnoController:31] Se listaron los turnos satisfactoriamente
[2022-07-11 10:03:40] [ INFO ] [TurnoController:67] Error al actualizar el turno.
[2022-07-11 10:03:43] [ ERROR] [TurnoController:81] Error al ingresar el id del turno para eliminarlo
[2022-07-11 10:03:52] [ ERROR] [PacienteController:77] Error al ingresar el id del paciente para eliminarlo
[2022-07-11 10:03:57] [ ERROR] [OdontologoController:75] Error al ingresar el id del odontólogo para eliminarlo
[2022-07-11 10:04:00] [ ERROR] [TurnoController:81] Error al ingresar el id del turno para eliminarlo
[2022-07-11 10:04:04] [ ERROR] [PacienteController:37] No se encontró el paciente con el id 2584
[2022-07-11 10:04:10] [ ERROR] [OdontologoController:37] No se encontró el odontólogo con el id 2575
[2022-07-11 10:04:13] [ ERROR] [PacienteController:37] No se encontró el paciente con el id 1676756
[2022-07-11 10:04:41] [ ERROR] [TurnoController:42] No se encontró el turno con el id 1676756
[2022-07-11 10:04:48] [ ERROR] [PacienteController:52] La domicilio debe ser diligenciado.
[2022-07-11 10:08:29] [ INFO ] [PacienteController:49] Se guardó el paciente exitosamente
[2022-07-11 10:08:30] [ INFO ] [PacienteController:49] Se guardó el paciente exitosamente
[2022-07-11 10:08:34] [ INFO ] [PacienteController:61] El paciente se ha actualizado correctamente
[2022-07-11 10:08:37] [ INFO ] [OdontologoController:46] Se guardó el odontólogo exitosamente
[2022-07-11 10:08:39] [ INFO ] [OdontologoController:46] Se guardó el odontólogo exitosamente
[2022-07-11 10:08:41] [ INFO ] [OdontologoController:58] El odontólogo se ha actualizado correctamente
[2022-07-11 10:08:45] [ ERROR] [TurnoController:54] detached entity passed to persist: com.dh.RESTREPO_VIVIANA_INTEGRADOR.entities.Odontologo; nested exception is org.hibernate.PersistentObjectException: detached entity passed to persist: com.dh.RESTREPO_VIVIANA_INTEGRADOR.entities.Odontologo
[2022-07-11 10:09:56] [ INFO ] [OdontologoController:25] Se listaron los odontólogos satisfactoriamente
[2022-07-11 10:15:48] [ INFO ] [PacienteController:49] Se guardó el paciente exitosamente
[2022-07-11 10:15:49] [ INFO ] [PacienteController:49] Se guardó el paciente exitosamente
[2022-07-11 10:15:52] [ INFO ] [PacienteController:61] El paciente se ha actualizado correctamente
[2022-07-11 10:15:55] [ INFO ] [OdontologoController:46] Se guardó el odontólogo exitosamente
[2022-07-11 10:15:56] [ INFO ] [OdontologoController:46] Se guardó el odontólogo exitosamente
[2022-07-11 10:15:59] [ INFO ] [OdontologoController:58] El odontólogo se ha actualizado correctamente
[2022-07-11 10:17:38] [ INFO ] [PacienteController:49] Se guardó el paciente exitosamente
[2022-07-11 10:17:40] [ INFO ] [PacienteController:61] El paciente se ha actualizado correctamente
[2022-07-11 10:17:43] [ INFO ] [OdontologoController:46] Se guardó el odontólogo exitosamente
[2022-07-11 10:17:46] [ INFO ] [OdontologoController:58] El odontólogo se ha actualizado correctamente
[2022-07-11 10:19:11] [ INFO ] [TurnoController:31] Se listaron los turnos satisfactoriamente
[2022-07-11 10:19:13] [ INFO ] [TurnoController:31] Se listaron los turnos satisfactoriamente
[2022-07-11 10:19:15] [ INFO ] [TurnoController:71] El turno se ha actualizado correctamente
[2022-07-11 10:19:19] [ INFO ] [TurnoController:85] Se eliminó el turno con id: 2 correctamente.
[2022-07-11 10:24:04] [ INFO ] [PacienteController:49] Se guardó el paciente exitosamente
[2022-07-11 10:24:07] [ INFO ] [PacienteController:61] El paciente se ha actualizado correctamente
[2022-07-11 10:24:09] [ INFO ] [OdontologoController:46] Se guardó el odontólogo exitosamente
[2022-07-11 10:24:12] [ INFO ] [OdontologoController:58] El odontólogo se ha actualizado correctamente
[2022-07-11 10:25:49] [ INFO ] [PacienteController:49] Se guardó el paciente exitosamente
[2022-07-11 10:25:53] [ INFO ] [OdontologoController:46] Se guardó el odontólogo exitosamente
[2022-07-11 10:26:06] [ INFO ] [TurnoController:71] El turno se ha actualizado correctamente
[2022-07-11 10:26:09] [ INFO ] [PacienteController:61] El paciente se ha actualizado correctamente
[2022-07-11 10:26:12] [ INFO ] [OdontologoController:58] El odontólogo se ha actualizado correctamente
[2022-07-11 10:26:19] [ INFO ] [OdontologoController:25] Se listaron los odontólogos satisfactoriamente
[2022-07-11 10:26:46] [ INFO ] [PacienteController:49] Se guardó el paciente exitosamente
[2022-07-11 10:26:49] [ INFO ] [PacienteController:26] Se listaron los pacientes satisfactoriamente
[2022-07-11 10:26:52] [ INFO ] [OdontologoController:46] Se guardó el odontólogo exitosamente
[2022-07-11 10:26:55] [ INFO ] [OdontologoController:25] Se listaron los odontólogos satisfactoriamente
[2022-07-11 10:28:07] [ INFO ] [PacienteController:61] El paciente se ha actualizado correctamente
[2022-07-11 10:28:10] [ INFO ] [PacienteController:26] Se listaron los pacientes satisfactoriamente
[2022-07-11 10:28:15] [ INFO ] [OdontologoController:58] El odontólogo se ha actualizado correctamente
[2022-07-11 10:28:18] [ INFO ] [OdontologoController:58] El odontólogo se ha actualizado correctamente
[2022-07-11 10:28:28] [ INFO ] [OdontologoController:25] Se listaron los odontólogos satisfactoriamente
[2022-07-11 10:28:32] [ INFO ] [OdontologoController:46] Se guardó el odontólogo exitosamente
[2022-07-11 10:29:27] [ INFO ] [PacienteController:49] Se guardó el paciente exitosamente
[2022-07-11 10:29:28] [ INFO ] [PacienteController:49] Se guardó el paciente exitosamente
[2022-07-11 10:29:31] [ INFO ] [PacienteController:26] Se listaron los pacientes satisfactoriamente
[2022-07-11 10:29:34] [ INFO ] [PacienteController:61] El paciente se ha actualizado correctamente
[2022-07-11 10:29:36] [ INFO ] [PacienteController:74] Se eliminó el paciente con id: 2 correctamente.
[2022-07-11 10:29:39] [ INFO ] [PacienteController:34] Se pudo mostrar el paciente correctamente
[2022-07-11 10:29:41] [ INFO ] [PacienteController:26] Se listaron los pacientes satisfactoriamente
[2022-07-11 10:29:45] [ INFO ] [OdontologoController:46] Se guardó el odontólogo exitosamente
[2022-07-11 10:29:48] [ INFO ] [OdontologoController:25] Se listaron los odontólogos satisfactoriamente
[2022-07-11 10:29:53] [ INFO ] [OdontologoController:58] El odontólogo se ha actualizado correctamente
[2022-07-11 10:29:57] [ INFO ] [OdontologoController:46] Se guardó el odontólogo exitosamente
[2022-07-11 10:30:00] [ INFO ] [OdontologoController:25] Se listaron los odontólogos satisfactoriamente
[2022-07-11 10:30:03] [ INFO ] [OdontologoController:71] Se eliminó el odontólogo con id: 2 correctamente.
[2022-07-11 10:30:06] [ INFO ] [OdontologoController:33] Se pudo mostrar el odontólogo correctamente
[2022-07-11 10:30:28] [ INFO ] [TurnoController:31] Se listaron los turnos satisfactoriamente
[2022-07-11 10:30:31] [ INFO ] [TurnoController:71] El turno se ha actualizado correctamente
[2022-07-11 10:30:34] [ ERROR] [TurnoController:89] Error al ingresar el id del turno para eliminarlo
[2022-07-11 10:30:40] [ INFO ] [TurnoController:85] Se eliminó el turno con id: 2 correctamente.
[2022-07-11 10:30:55] [ INFO ] [TurnoController:31] Se listaron los turnos satisfactoriamente
[2022-07-11 10:31:06] [ INFO ] [PacienteController:26] Se listaron los pacientes satisfactoriamente
[2022-07-11 10:31:10] [ INFO ] [PacienteController:49] Se guardó el paciente exitosamente
[2022-07-11 10:31:11] [ INFO ] [OdontologoController:46] Se guardó el odontólogo exitosamente
[2022-07-11 10:32:36] [ INFO ] [PacienteController:49] Se guardó el paciente exitosamente
[2022-07-11 10:32:40] [ INFO ] [OdontologoController:46] Se guardó el odontólogo exitosamente
[2022-07-11 10:32:46] [ INFO ] [PacienteController:26] Se listaron los pacientes satisfactoriamente
[2022-07-11 10:32:55] [ INFO ] [OdontologoController:25] Se listaron los odontólogos satisfactoriamente
[2022-07-11 10:40:52] [ ERROR] [TurnoController:42] No se encontró el turno con el id 1
[2022-07-11 10:41:18] [ INFO ] [PacienteController:49] Se guardó el paciente exitosamente
[2022-07-11 10:41:21] [ INFO ] [OdontologoController:46] Se guardó el odontólogo exitosamente
[2022-07-11 10:42:42] [ INFO ] [PacienteController:49] Se guardó el paciente exitosamente
[2022-07-11 10:42:44] [ INFO ] [OdontologoController:46] Se guardó el odontólogo exitosamente
[2022-07-11 10:43:24] [ INFO ] [TurnoController:39] Se pudo mostrar el turno correctamente
[2022-07-11 10:45:31] [ INFO ] [PacienteController:49] Se guardó el paciente exitosamente
[2022-07-11 10:45:34] [ INFO ] [OdontologoController:46] Se guardó el odontólogo exitosamente
[2022-07-11 10:45:37] [ INFO ] [PacienteController:26] Se listaron los pacientes satisfactoriamente
[2022-07-11 10:45:39] [ INFO ] [OdontologoController:25] Se listaron los odontólogos satisfactoriamente
[2022-07-11 10:45:46] [ INFO ] [TurnoController:39] Se pudo mostrar el turno correctamente
[2022-07-11 10:52:45] [ INFO ] [PacienteController:49] Se guardó el paciente exitosamente
[2022-07-11 10:52:47] [ INFO ] [OdontologoController:46] Se guardó el odontólogo exitosamente
[2022-07-11 10:53:02] [ INFO ] [TurnoController:39] Se pudo mostrar el turno correctamente
[2022-07-11 11:03:45] [ INFO ] [PacienteController:49] Se guardó el paciente exitosamente
[2022-07-11 11:03:48] [ INFO ] [OdontologoController:46] Se guardó el odontólogo exitosamente
[2022-07-11 11:04:16] [ INFO ] [TurnoController:39] Se pudo mostrar el turno correctamente
[2022-07-11 11:05:10] [ INFO ] [PacienteController:49] Se guardó el paciente exitosamente
[2022-07-11 11:05:12] [ INFO ] [OdontologoController:46] Se guardó el odontólogo exitosamente
[2022-07-11 11:05:48] [ INFO ] [TurnoController:71] El turno se ha actualizado correctamente
[2022-07-11 11:06:11] [ INFO ] [TurnoController:39] Se pudo mostrar el turno correctamente
[2022-07-11 11:07:19] [ INFO ] [TurnoController:39] Se pudo mostrar el turno correctamente
[2022-07-11 11:26:06] [ INFO ] [PacienteController:26] Se listaron los pacientes satisfactoriamente
[2022-07-11 11:26:15] [ INFO ] [PacienteController:49] Se guardó el paciente exitosamente
[2022-07-11 11:26:18] [ INFO ] [PacienteController:26] Se listaron los pacientes satisfactoriamente
[2022-07-11 11:26:20] [ INFO ] [OdontologoController:46] Se guardó el odontólogo exitosamente
[2022-07-11 11:26:23] [ INFO ] [OdontologoController:25] Se listaron los odontólogos satisfactoriamente
[2022-07-11 11:34:43] [ INFO ] [PacienteController:49] Se guardó el paciente exitosamente
[2022-07-11 11:34:47] [ INFO ] [OdontologoController:46] Se guardó el odontólogo exitosamente
[2022-07-11 12:04:48] [ INFO ] [PacienteController:49] Se guardó el paciente exitosamente
[2022-07-11 12:04:51] [ INFO ] [OdontologoController:46] Se guardó el odontólogo exitosamente
[2022-07-11 12:05:00] [ INFO ] [TurnoController:39] Se pudo mostrar el turno correctamente
[2022-07-11 12:05:05] [ INFO ] [TurnoController:71] El turno se ha actualizado correctamente
[2022-07-11 12:05:33] [ INFO ] [TurnoController:71] El turno se ha actualizado correctamente
[2022-07-11 12:05:55] [ ERROR] [TurnoController:89] Error al ingresar el id del turno para eliminarlo
[2022-07-11 12:06:03] [ INFO ] [PacienteController:49] Se guardó el paciente exitosamente
[2022-07-11 12:06:06] [ INFO ] [OdontologoController:46] Se guardó el odontólogo exitosamente
[2022-07-11 12:15:38] [ INFO ] [TurnoController:39] Se pudo mostrar el turno correctamente
[2022-07-11 12:16:21] [ INFO ] [TurnoController:39] Se pudo mostrar el turno correctamente
[2022-07-11 14:10:34] [ INFO ] [PacienteController:26] Se listaron los pacientes satisfactoriamente
[2022-07-11 14:10:41] [ INFO ] [PacienteController:26] Se listaron los pacientes satisfactoriamente
[2022-07-11 14:10:56] [ INFO ] [PacienteController:26] Se listaron los pacientes satisfactoriamente
[2022-07-11 14:11:42] [ INFO ] [OdontologoController:25] Se listaron los odontólogos satisfactoriamente
[2022-07-11 14:17:17] [ INFO ] [PacienteController:49] Se guardó el paciente exitosamente
[2022-07-11 14:17:24] [ INFO ] [PacienteController:49] Se guardó el paciente exitosamente
[2022-07-11 14:17:28] [ INFO ] [OdontologoController:46] Se guardó el odontólogo exitosamente
[2022-07-11 14:17:28] [ INFO ] [OdontologoController:46] Se guardó el odontólogo exitosamente
[2022-07-11 14:17:45] [ INFO ] [TurnoController:39] Se pudo mostrar el turno correctamente
[2022-07-11 14:18:08] [ INFO ] [PacienteController:26] Se listaron los pacientes satisfactoriamente
[2022-07-11 14:18:11] [ INFO ] [PacienteController:61] El paciente se ha actualizado correctamente
[2022-07-11 14:18:15] [ INFO ] [PacienteController:26] Se listaron los pacientes satisfactoriamente
[2022-07-11 14:18:18] [ INFO ] [PacienteController:74] Se eliminó el paciente con id: 2 correctamente.
[2022-07-11 14:18:21] [ INFO ] [PacienteController:34] Se pudo mostrar el paciente correctamente
[2022-07-11 14:18:41] [ INFO ] [OdontologoController:46] Se guardó el odontólogo exitosamente
[2022-07-11 14:18:44] [ INFO ] [OdontologoController:25] Se listaron los odontólogos satisfactoriamente
[2022-07-11 14:18:48] [ INFO ] [OdontologoController:58] El odontólogo se ha actualizado correctamente
[2022-07-11 14:18:51] [ INFO ] [OdontologoController:71] Se eliminó el odontólogo con id: 2 correctamente.
[2022-07-11 14:18:56] [ INFO ] [OdontologoController:71] Se eliminó el odontólogo con id: 3 correctamente.
[2022-07-11 14:19:03] [ INFO ] [OdontologoController:33] Se pudo mostrar el odontólogo correctamente
[2022-07-11 14:19:20] [ INFO ] [TurnoController:71] El turno se ha actualizado correctamente
[2022-07-11 14:19:28] [ INFO ] [TurnoController:39] Se pudo mostrar el turno correctamente
[2022-07-11 14:19:42] [ ERROR] [PacienteController:77] Error al ingresar el id del paciente para eliminarlo
[2022-07-11 14:19:57] [ ERROR] [OdontologoController:75] Error al ingresar el id del odontólogo para eliminarlo
[2022-07-11 14:20:01] [ ERROR] [TurnoController:89] Error al ingresar el id del turno para eliminarlo
[2022-07-11 14:20:05] [ ERROR] [PacienteController:37] No se encontró el paciente con el id 2584
[2022-07-11 14:20:09] [ ERROR] [OdontologoController:37] No se encontró el odontólogo con el id 2575
[2022-07-11 14:20:12] [ ERROR] [TurnoController:42] No se encontró el turno con el id 1676756
[2022-07-11 14:20:15] [ ERROR] [PacienteController:52] Error al intentar crear un paciente, el domicilio debe ser diligenciado.
[2022-07-11 14:30:23] [ INFO ] [OdontologoController:25] Se listaron los odontólogos satisfactoriamente
[2022-07-11 14:30:26] [ INFO ] [PacienteController:26] Se listaron los pacientes satisfactoriamente
[2022-07-11 14:53:28] [ INFO ] [OdontologoController:25] Se listaron los odontólogos satisfactoriamente
[2022-07-11 14:53:36] [ INFO ] [PacienteController:26] Se listaron los pacientes satisfactoriamente
[2022-07-11 14:53:42] [ INFO ] [TurnoController:31] Se listaron los turnos satisfactoriamente
[2022-07-11 14:53:58] [ INFO ] [TurnoController:31] Se listaron los turnos satisfactoriamente
[2022-07-11 14:56:35] [ INFO ] [TurnoController:31] Se listaron los turnos satisfactoriamente
[2022-07-11 15:11:39] [ INFO ] [TurnoController:31] Se listaron los turnos satisfactoriamente
[2022-07-11 15:14:45] [ INFO ] [TurnoController:31] Se listaron los turnos satisfactoriamente
[2022-07-11 15:14:51] [ INFO ] [TurnoController:31] Se listaron los turnos satisfactoriamente
[2022-07-11 15:14:57] [ INFO ] [TurnoController:31] Se listaron los turnos satisfactoriamente
[2022-07-11 15:18:35] [ INFO ] [TurnoController:31] Se listaron los turnos satisfactoriamente
[2022-07-11 15:18:50] [ INFO ] [TurnoController:31] Se listaron los turnos satisfactoriamente
[2022-07-11 15:19:00] [ INFO ] [OdontologoController:46] Se guardó el odontólogo exitosamente
[2022-07-11 15:19:01] [ INFO ] [OdontologoController:25] Se listaron los odontólogos satisfactoriamente
[2022-07-11 15:19:14] [ INFO ] [PacienteController:49] Se guardó el paciente exitosamente
[2022-07-11 15:19:16] [ INFO ] [PacienteController:26] Se listaron los pacientes satisfactoriamente
[2022-07-11 15:19:32] [ INFO ] [TurnoController:31] Se listaron los turnos satisfactoriamente
[2022-07-11 15:19:44] [ INFO ] [TurnoController:31] Se listaron los turnos satisfactoriamente
[2022-07-11 15:25:27] [ INFO ] [OdontologoController:46] Se guardó el odontólogo exitosamente
[2022-07-11 15:25:29] [ INFO ] [OdontologoController:25] Se listaron los odontólogos satisfactoriamente
[2022-07-11 15:25:32] [ INFO ] [OdontologoController:33] Se pudo mostrar el odontólogo correctamente
[2022-07-11 15:25:35] [ INFO ] [OdontologoController:58] El odontólogo se ha actualizado correctamente
[2022-07-11 15:25:37] [ INFO ] [OdontologoController:25] Se listaron los odontólogos satisfactoriamente
[2022-07-11 15:25:40] [ INFO ] [OdontologoController:71] Se eliminó el odontólogo con id: 1 correctamente.
[2022-07-11 15:25:53] [ INFO ] [PacienteController:49] Se guardó el paciente exitosamente
[2022-07-11 15:25:57] [ INFO ] [PacienteController:26] Se listaron los pacientes satisfactoriamente
[2022-07-11 15:25:58] [ INFO ] [PacienteController:34] Se pudo mostrar el paciente correctamente
[2022-07-11 15:26:06] [ INFO ] [PacienteController:61] El paciente se ha actualizado correctamente
[2022-07-11 15:26:08] [ INFO ] [PacienteController:26] Se listaron los pacientes satisfactoriamente
[2022-07-11 15:26:16] [ INFO ] [PacienteController:74] Se eliminó el paciente con id: 1 correctamente.
[2022-07-11 15:27:47] [ INFO ] [PacienteController:26] Se listaron los pacientes satisfactoriamente
[2022-07-11 15:27:50] [ INFO ] [OdontologoController:25] Se listaron los odontólogos satisfactoriamente
[2022-07-11 15:27:53] [ INFO ] [OdontologoController:25] Se listaron los odontólogos satisfactoriamente
[2022-07-11 15:28:02] [ INFO ] [PacienteController:49] Se guardó el paciente exitosamente
[2022-07-11 15:28:05] [ INFO ] [PacienteController:26] Se listaron los pacientes satisfactoriamente
[2022-07-11 15:28:06] [ INFO ] [PacienteController:34] Se pudo mostrar el paciente correctamente
[2022-07-11 15:28:20] [ INFO ] [PacienteController:61] El paciente se ha actualizado correctamente
[2022-07-11 15:28:20] [ INFO ] [PacienteController:26] Se listaron los pacientes satisfactoriamente
[2022-07-11 15:28:38] [ INFO ] [OdontologoController:46] Se guardó el odontólogo exitosamente
[2022-07-11 15:29:18] [ INFO ] [TurnoController:31] Se listaron los turnos satisfactoriamente
[2022-07-11 15:53:23] [ INFO ] [PacienteController:26] Se listaron los pacientes satisfactoriamente
[2022-07-11 15:53:23] [ INFO ] [OdontologoController:25] Se listaron los odontólogos satisfactoriamente
[2022-07-11 15:53:48] [ INFO ] [OdontologoController:25] Se listaron los odontólogos satisfactoriamente
[2022-07-11 15:53:48] [ INFO ] [PacienteController:26] Se listaron los pacientes satisfactoriamente
[2022-07-11 15:54:09] [ INFO ] [OdontologoController:46] Se guardó el odontólogo exitosamente
[2022-07-11 15:54:29] [ INFO ] [PacienteController:49] Se guardó el paciente exitosamente
[2022-07-11 15:54:35] [ INFO ] [TurnoController:31] Se listaron los turnos satisfactoriamente
[2022-07-11 15:54:38] [ INFO ] [OdontologoController:25] Se listaron los odontólogos satisfactoriamente
[2022-07-11 15:54:38] [ INFO ] [PacienteController:26] Se listaron los pacientes satisfactoriamente
[2022-07-11 16:01:44] [ INFO ] [OdontologoController:46] Se guardó el odontólogo exitosamente
[2022-07-11 16:01:50] [ INFO ] [TurnoController:31] Se listaron los turnos satisfactoriamente
[2022-07-11 16:01:54] [ INFO ] [OdontologoController:25] Se listaron los odontólogos satisfactoriamente
[2022-07-11 16:01:58] [ INFO ] [PacienteController:26] Se listaron los pacientes satisfactoriamente
[2022-07-11 16:02:19] [ INFO ] [OdontologoController:25] Se listaron los odontólogos satisfactoriamente
[2022-07-11 16:02:19] [ INFO ] [PacienteController:26] Se listaron los pacientes satisfactoriamente
[2022-07-11 16:04:13] [ INFO ] [OdontologoController:46] Se guardó el odontólogo exitosamente
[2022-07-11 16:04:17] [ INFO ] [OdontologoController:25] Se listaron los odontólogos satisfactoriamente
[2022-07-11 16:04:17] [ INFO ] [PacienteController:26] Se listaron los pacientes satisfactoriamente
[2022-07-11 16:04:36] [ INFO ] [OdontologoController:46] Se guardó el odontólogo exitosamente
[2022-07-11 16:04:39] [ INFO ] [PacienteController:26] Se listaron los pacientes satisfactoriamente
[2022-07-11 16:04:39] [ INFO ] [OdontologoController:25] Se listaron los odontólogos satisfactoriamente
[2022-07-11 16:07:04] [ INFO ] [OdontologoController:46] Se guardó el odontólogo exitosamente
[2022-07-11 16:07:09] [ INFO ] [OdontologoController:46] Se guardó el odontólogo exitosamente
[2022-07-11 16:07:15] [ INFO ] [OdontologoController:25] Se listaron los odontólogos satisfactoriamente
[2022-07-11 16:07:15] [ INFO ] [PacienteController:26] Se listaron los pacientes satisfactoriamente
[2022-07-11 16:10:34] [ INFO ] [OdontologoController:46] Se guardó el odontólogo exitosamente
[2022-07-11 16:10:48] [ INFO ] [PacienteController:49] Se guardó el paciente exitosamente
[2022-07-11 16:11:29] [ INFO ] [OdontologoController:46] Se guardó el odontólogo exitosamente
[2022-07-11 16:11:39] [ INFO ] [PacienteController:49] Se guardó el paciente exitosamente
[2022-07-11 16:11:42] [ INFO ] [OdontologoController:25] Se listaron los odontólogos satisfactoriamente
[2022-07-11 16:11:42] [ INFO ] [PacienteController:26] Se listaron los pacientes satisfactoriamente
[2022-07-11 16:22:16] [ INFO ] [OdontologoController:46] Se guardó el odontólogo exitosamente
[2022-07-11 16:22:27] [ INFO ] [PacienteController:49] Se guardó el paciente exitosamente
[2022-07-11 16:22:30] [ INFO ] [OdontologoController:25] Se listaron los odontólogos satisfactoriamente
[2022-07-11 16:22:30] [ INFO ] [PacienteController:26] Se listaron los pacientes satisfactoriamente
[2022-07-11 16:22:38] [ INFO ] [OdontologoController:25] Se listaron los odontólogos satisfactoriamente
[2022-07-11 16:22:38] [ INFO ] [PacienteController:26] Se listaron los pacientes satisfactoriamente
[2022-07-11 16:22:58] [ ERROR] [TurnoController:42] No se encontró el turno con el id 1
[2022-07-11 16:23:13] [ ERROR] [TurnoController:42] No se encontró el turno con el id 1
[2022-07-11 16:23:21] [ INFO ] [TurnoController:31] Se listaron los turnos satisfactoriamente
[2022-07-11 16:23:48] [ INFO ] [TurnoController:31] Se listaron los turnos satisfactoriamente
[2022-07-11 16:23:56] [ INFO ] [TurnoController:31] Se listaron los turnos satisfactoriamente
[2022-07-11 16:25:52] [ INFO ] [OdontologoController:46] Se guardó el odontólogo exitosamente
[2022-07-11 16:26:02] [ INFO ] [PacienteController:49] Se guardó el paciente exitosamente
[2022-07-11 16:26:05] [ INFO ] [PacienteController:26] Se listaron los pacientes satisfactoriamente
[2022-07-11 16:26:05] [ INFO ] [OdontologoController:25] Se listaron los odontólogos satisfactoriamente
[2022-07-11 16:26:12] [ INFO ] [OdontologoController:25] Se listaron los odontólogos satisfactoriamente
[2022-07-11 16:26:12] [ INFO ] [PacienteController:26] Se listaron los pacientes satisfactoriamente
[2022-07-11 16:26:22] [ ERROR] [TurnoController:42] No se encontró el turno con el id 1
[2022-07-11 16:26:24] [ ERROR] [TurnoController:42] No se encontró el turno con el id 1
[2022-07-11 16:28:10] [ INFO ] [TurnoController:39] Se pudo mostrar el turno correctamente
[2022-07-11 16:28:37] [ INFO ] [TurnoController:39] Se pudo mostrar el turno correctamente
[2022-07-11 16:29:53] [ INFO ] [OdontologoController:46] Se guardó el odontólogo exitosamente
[2022-07-11 16:30:05] [ INFO ] [PacienteController:49] Se guardó el paciente exitosamente
[2022-07-11 16:30:08] [ INFO ] [OdontologoController:25] Se listaron los odontólogos satisfactoriamente
[2022-07-11 16:30:08] [ INFO ] [PacienteController:26] Se listaron los pacientes satisfactoriamente
[2022-07-11 16:30:32] [ INFO ] [OdontologoController:25] Se listaron los odontólogos satisfactoriamente
[2022-07-11 16:30:32] [ INFO ] [PacienteController:26] Se listaron los pacientes satisfactoriamente
[2022-07-11 16:30:39] [ INFO ] [OdontologoController:25] Se listaron los odontólogos satisfactoriamente
[2022-07-11 16:30:39] [ INFO ] [PacienteController:26] Se listaron los pacientes satisfactoriamente
[2022-07-11 16:30:48] [ INFO ] [OdontologoController:25] Se listaron los odontólogos satisfactoriamente
[2022-07-11 16:30:48] [ INFO ] [PacienteController:26] Se listaron los pacientes satisfactoriamente
[2022-07-11 16:31:15] [ INFO ] [PacienteController:26] Se listaron los pacientes satisfactoriamente
[2022-07-11 16:31:15] [ INFO ] [OdontologoController:25] Se listaron los odontólogos satisfactoriamente
[2022-07-11 16:31:31] [ INFO ] [OdontologoController:25] Se listaron los odontólogos satisfactoriamente
[2022-07-11 16:31:31] [ INFO ] [PacienteController:26] Se listaron los pacientes satisfactoriamente
[2022-07-11 16:31:46] [ INFO ] [OdontologoController:25] Se listaron los odontólogos satisfactoriamente
[2022-07-11 16:31:46] [ INFO ] [PacienteController:26] Se listaron los pacientes satisfactoriamente
[2022-07-11 16:34:09] [ INFO ] [OdontologoController:46] Se guardó el odontólogo exitosamente
[2022-07-11 16:34:19] [ INFO ] [PacienteController:49] Se guardó el paciente exitosamente
[2022-07-11 16:34:22] [ INFO ] [PacienteController:26] Se listaron los pacientes satisfactoriamente
[2022-07-11 16:34:22] [ INFO ] [OdontologoController:25] Se listaron los odontólogos satisfactoriamente
[2022-07-11 16:34:35] [ INFO ] [OdontologoController:25] Se listaron los odontólogos satisfactoriamente
[2022-07-11 16:34:35] [ INFO ] [PacienteController:26] Se listaron los pacientes satisfactoriamente
[2022-07-11 16:35:07] [ INFO ] [OdontologoController:25] Se listaron los odontólogos satisfactoriamente
[2022-07-11 16:35:07] [ INFO ] [PacienteController:26] Se listaron los pacientes satisfactoriamente
[2022-07-11 16:35:25] [ INFO ] [OdontologoController:25] Se listaron los odontólogos satisfactoriamente
[2022-07-11 16:35:25] [ INFO ] [PacienteController:26] Se listaron los pacientes satisfactoriamente
[2022-07-11 16:36:53] [ INFO ] [OdontologoController:46] Se guardó el odontólogo exitosamente
[2022-07-11 16:37:04] [ INFO ] [PacienteController:49] Se guardó el paciente exitosamente
[2022-07-11 16:37:07] [ INFO ] [PacienteController:26] Se listaron los pacientes satisfactoriamente
[2022-07-11 16:37:07] [ INFO ] [OdontologoController:25] Se listaron los odontólogos satisfactoriamente
[2022-07-11 16:37:36] [ INFO ] [OdontologoController:25] Se listaron los odontólogos satisfactoriamente
[2022-07-11 16:37:36] [ INFO ] [PacienteController:26] Se listaron los pacientes satisfactoriamente
[2022-07-11 16:37:48] [ INFO ] [TurnoController:31] Se listaron los turnos satisfactoriamente
[2022-07-11 16:39:35] [ INFO ] [OdontologoController:46] Se guardó el odontólogo exitosamente
[2022-07-11 16:39:47] [ INFO ] [PacienteController:49] Se guardó el paciente exitosamente
[2022-07-11 16:39:50] [ INFO ] [OdontologoController:25] Se listaron los odontólogos satisfactoriamente
[2022-07-11 16:39:50] [ INFO ] [PacienteController:26] Se listaron los pacientes satisfactoriamente
[2022-07-11 16:39:58] [ INFO ] [OdontologoController:25] Se listaron los odontólogos satisfactoriamente
[2022-07-11 16:39:58] [ INFO ] [PacienteController:26] Se listaron los pacientes satisfactoriamente
[2022-07-11 16:40:02] [ INFO ] [TurnoController:31] Se listaron los turnos satisfactoriamente
[2022-07-11 16:42:44] [ INFO ] [OdontologoController:46] Se guardó el odontólogo exitosamente
[2022-07-11 16:42:54] [ INFO ] [PacienteController:49] Se guardó el paciente exitosamente
[2022-07-11 16:42:56] [ INFO ] [OdontologoController:25] Se listaron los odontólogos satisfactoriamente
[2022-07-11 16:42:56] [ INFO ] [PacienteController:26] Se listaron los pacientes satisfactoriamente
[2022-07-11 16:43:02] [ INFO ] [OdontologoController:25] Se listaron los odontólogos satisfactoriamente
[2022-07-11 16:43:02] [ INFO ] [PacienteController:26] Se listaron los pacientes satisfactoriamente
[2022-07-11 16:43:06] [ INFO ] [TurnoController:31] Se listaron los turnos satisfactoriamente
[2022-07-11 16:44:00] [ INFO ] [TurnoController:85] Se eliminó el turno con id: 1 correctamente.
[2022-07-11 16:50:43] [ INFO ] [OdontologoController:46] Se guardó el odontólogo exitosamente
[2022-07-11 16:50:55] [ INFO ] [PacienteController:49] Se guardó el paciente exitosamente
[2022-07-11 16:50:58] [ INFO ] [OdontologoController:25] Se listaron los odontólogos satisfactoriamente
[2022-07-11 16:50:58] [ INFO ] [PacienteController:26] Se listaron los pacientes satisfactoriamente
[2022-07-11 16:51:05] [ INFO ] [OdontologoController:25] Se listaron los odontólogos satisfactoriamente
[2022-07-11 16:51:05] [ INFO ] [PacienteController:26] Se listaron los pacientes satisfactoriamente
[2022-07-11 16:51:06] [ INFO ] [TurnoController:31] Se listaron los turnos satisfactoriamente
[2022-07-11 16:54:19] [ INFO ] [PacienteController:26] Se listaron los pacientes satisfactoriamente
[2022-07-11 16:54:19] [ INFO ] [OdontologoController:25] Se listaron los odontólogos satisfactoriamente
[2022-07-11 16:57:06] [ INFO ] [PacienteController:26] Se listaron los pacientes satisfactoriamente
[2022-07-11 16:57:06] [ INFO ] [OdontologoController:25] Se listaron los odontólogos satisfactoriamente
[2022-07-11 16:57:39] [ INFO ] [OdontologoController:25] Se listaron los odontólogos satisfactoriamente
[2022-07-11 16:57:39] [ INFO ] [PacienteController:26] Se listaron los pacientes satisfactoriamente
[2022-07-11 16:58:39] [ INFO ] [OdontologoController:25] Se listaron los odontólogos satisfactoriamente
[2022-07-11 16:58:39] [ INFO ] [PacienteController:26] Se listaron los pacientes satisfactoriamente
[2022-07-11 16:59:39] [ INFO ] [OdontologoController:46] Se guardó el odontólogo exitosamente
[2022-07-11 16:59:58] [ INFO ] [PacienteController:49] Se guardó el paciente exitosamente
[2022-07-11 17:00:01] [ INFO ] [OdontologoController:25] Se listaron los odontólogos satisfactoriamente
[2022-07-11 17:00:01] [ INFO ] [PacienteController:26] Se listaron los pacientes satisfactoriamente
[2022-07-11 17:00:08] [ INFO ] [OdontologoController:25] Se listaron los odontólogos satisfactoriamente
[2022-07-11 17:00:08] [ INFO ] [PacienteController:26] Se listaron los pacientes satisfactoriamente
[2022-07-11 17:00:10] [ INFO ] [TurnoController:31] Se listaron los turnos satisfactoriamente
[2022-07-11 17:00:17] [ INFO ] [TurnoController:85] Se eliminó el turno con id: 1 correctamente.
[2022-07-11 17:00:28] [ INFO ] [OdontologoController:46] Se guardó el odontólogo exitosamente
[2022-07-11 17:00:30] [ INFO ] [PacienteController:26] Se listaron los pacientes satisfactoriamente
[2022-07-11 17:00:39] [ INFO ] [OdontologoController:25] Se listaron los odontólogos satisfactoriamente
[2022-07-11 17:00:41] [ INFO ] [OdontologoController:71] Se eliminó el odontólogo con id: 2 correctamente.
[2022-07-11 17:00:44] [ INFO ] [PacienteController:26] Se listaron los pacientes satisfactoriamente
[2022-07-11 17:00:48] [ INFO ] [OdontologoController:25] Se listaron los odontólogos satisfactoriamente
[2022-07-11 17:00:48] [ INFO ] [PacienteController:26] Se listaron los pacientes satisfactoriamente
[2022-07-11 17:00:57] [ INFO ] [OdontologoController:25] Se listaron los odontólogos satisfactoriamente
[2022-07-11 17:00:57] [ INFO ] [PacienteController:26] Se listaron los pacientes satisfactoriamente
[2022-07-11 17:01:01] [ INFO ] [TurnoController:31] Se listaron los turnos satisfactoriamente
[2022-07-11 17:01:07] [ INFO ] [TurnoController:85] Se eliminó el turno con id: 2 correctamente.
[2022-07-11 17:01:22] [ INFO ] [OdontologoController:25] Se listaron los odontólogos satisfactoriamente
[2022-07-11 17:01:22] [ INFO ] [PacienteController:26] Se listaron los pacientes satisfactoriamente
[2022-07-11 17:01:32] [ INFO ] [OdontologoController:25] Se listaron los odontólogos satisfactoriamente
[2022-07-11 17:01:32] [ INFO ] [PacienteController:26] Se listaron los pacientes satisfactoriamente
[2022-07-11 17:01:37] [ INFO ] [TurnoController:31] Se listaron los turnos satisfactoriamente
[2022-07-11 17:03:53] [ INFO ] [OdontologoController:46] Se guardó el odontólogo exitosamente
[2022-07-11 17:04:03] [ INFO ] [PacienteController:49] Se guardó el paciente exitosamente
[2022-07-11 17:04:06] [ INFO ] [PacienteController:26] Se listaron los pacientes satisfactoriamente
[2022-07-11 17:04:06] [ INFO ] [OdontologoController:25] Se listaron los odontólogos satisfactoriamente
[2022-07-11 17:04:13] [ INFO ] [OdontologoController:25] Se listaron los odontólogos satisfactoriamente
[2022-07-11 17:04:13] [ INFO ] [PacienteController:26] Se listaron los pacientes satisfactoriamente
[2022-07-11 17:04:15] [ INFO ] [TurnoController:31] Se listaron los turnos satisfactoriamente
[2022-07-11 17:05:44] [ INFO ] [OdontologoController:46] Se guardó el odontólogo exitosamente
[2022-07-11 17:05:53] [ INFO ] [PacienteController:49] Se guardó el paciente exitosamente
[2022-07-11 17:05:56] [ INFO ] [PacienteController:26] Se listaron los pacientes satisfactoriamente
[2022-07-11 17:05:56] [ INFO ] [OdontologoController:25] Se listaron los odontólogos satisfactoriamente
[2022-07-11 17:06:04] [ INFO ] [OdontologoController:25] Se listaron los odontólogos satisfactoriamente
[2022-07-11 17:06:04] [ INFO ] [PacienteController:26] Se listaron los pacientes satisfactoriamente
[2022-07-11 17:06:05] [ INFO ] [TurnoController:31] Se listaron los turnos satisfactoriamente
[2022-07-11 17:06:13] [ INFO ] [TurnoController:31] Se listaron los turnos satisfactoriamente
[2022-07-11 17:10:45] [ INFO ] [TurnoController:31] Se listaron los turnos satisfactoriamente
[2022-07-11 17:10:48] [ INFO ] [OdontologoController:25] Se listaron los odontólogos satisfactoriamente
[2022-07-11 17:10:48] [ INFO ] [PacienteController:26] Se listaron los pacientes satisfactoriamente
[2022-07-11 17:16:07] [ INFO ] [OdontologoController:46] Se guardó el odontólogo exitosamente
[2022-07-11 17:16:24] [ INFO ] [PacienteController:49] Se guardó el paciente exitosamente
[2022-07-11 17:16:28] [ INFO ] [PacienteController:26] Se listaron los pacientes satisfactoriamente
[2022-07-11 17:16:28] [ INFO ] [OdontologoController:25] Se listaron los odontólogos satisfactoriamente
[2022-07-11 17:16:36] [ INFO ] [OdontologoController:25] Se listaron los odontólogos satisfactoriamente
[2022-07-11 17:16:36] [ INFO ] [PacienteController:26] Se listaron los pacientes satisfactoriamente
[2022-07-11 17:16:38] [ INFO ] [TurnoController:31] Se listaron los turnos satisfactoriamente
[2022-07-11 17:16:39] [ INFO ] [OdontologoController:25] Se listaron los odontólogos satisfactoriamente
[2022-07-11 17:16:39] [ INFO ] [PacienteController:26] Se listaron los pacientes satisfactoriamente
[2022-07-11 17:18:35] [ INFO ] [OdontologoController:46] Se guardó el odontólogo exitosamente
[2022-07-11 17:18:48] [ INFO ] [PacienteController:49] Se guardó el paciente exitosamente
[2022-07-11 17:18:51] [ INFO ] [PacienteController:26] Se listaron los pacientes satisfactoriamente
[2022-07-11 17:18:51] [ INFO ] [OdontologoController:25] Se listaron los odontólogos satisfactoriamente
[2022-07-11 17:18:57] [ INFO ] [OdontologoController:25] Se listaron los odontólogos satisfactoriamente
[2022-07-11 17:18:57] [ INFO ] [PacienteController:26] Se listaron los pacientes satisfactoriamente
[2022-07-11 17:18:59] [ INFO ] [OdontologoController:25] Se listaron los odontólogos satisfactoriamente
[2022-07-11 17:18:59] [ INFO ] [PacienteController:26] Se listaron los pacientes satisfactoriamente
[2022-07-11 17:19:01] [ INFO ] [TurnoController:31] Se listaron los turnos satisfactoriamente
[2022-07-11 17:19:03] [ INFO ] [OdontologoController:25] Se listaron los odontólogos satisfactoriamente
[2022-07-11 17:19:03] [ INFO ] [PacienteController:26] Se listaron los pacientes satisfactoriamente
[2022-07-11 17:19:10] [ INFO ] [TurnoController:31] Se listaron los turnos satisfactoriamente
[2022-07-11 17:19:16] [ INFO ] [OdontologoController:25] Se listaron los odontólogos satisfactoriamente
[2022-07-11 17:19:16] [ INFO ] [PacienteController:26] Se listaron los pacientes satisfactoriamente
[2022-07-11 17:19:25] [ INFO ] [OdontologoController:25] Se listaron los odontólogos satisfactoriamente
[2022-07-11 17:19:25] [ INFO ] [PacienteController:26] Se listaron los pacientes satisfactoriamente
[2022-07-11 17:19:27] [ INFO ] [TurnoController:31] Se listaron los turnos satisfactoriamente
[2022-07-11 17:35:21] [ INFO ] [OdontologoController:46] Se guardó el odontólogo exitosamente
[2022-07-11 17:35:32] [ INFO ] [PacienteController:49] Se guardó el paciente exitosamente
[2022-07-11 17:35:53] [ INFO ] [PacienteController:49] Se guardó el paciente exitosamente
[2022-07-11 17:35:57] [ INFO ] [OdontologoController:25] Se listaron los odontólogos satisfactoriamente
[2022-07-11 17:35:57] [ INFO ] [PacienteController:26] Se listaron los pacientes satisfactoriamente
[2022-07-11 17:36:05] [ INFO ] [OdontologoController:25] Se listaron los odontólogos satisfactoriamente
[2022-07-11 17:36:05] [ INFO ] [PacienteController:26] Se listaron los pacientes satisfactoriamente
[2022-07-11 17:36:07] [ INFO ] [TurnoController:31] Se listaron los turnos satisfactoriamente
[2022-07-11 17:36:08] [ INFO ] [TurnoController:39] Se pudo mostrar el turno correctamente
[2022-07-11 17:36:17] [ INFO ] [TurnoController:31] Se listaron los turnos satisfactoriamente
[2022-07-11 17:36:19] [ INFO ] [TurnoController:39] Se pudo mostrar el turno correctamente
[2022-07-11 17:37:50] [ INFO ] [OdontologoController:46] Se guardó el odontólogo exitosamente
[2022-07-11 17:38:27] [ INFO ] [PacienteController:49] Se guardó el paciente exitosamente
[2022-07-11 17:38:31] [ INFO ] [OdontologoController:25] Se listaron los odontólogos satisfactoriamente
[2022-07-11 17:38:31] [ INFO ] [PacienteController:26] Se listaron los pacientes satisfactoriamente
[2022-07-11 17:38:43] [ INFO ] [OdontologoController:25] Se listaron los odontólogos satisfactoriamente
[2022-07-11 17:38:43] [ INFO ] [PacienteController:26] Se listaron los pacientes satisfactoriamente
[2022-07-11 17:38:48] [ INFO ] [TurnoController:31] Se listaron los turnos satisfactoriamente
[2022-07-11 17:38:50] [ INFO ] [TurnoController:39] Se pudo mostrar el turno correctamente
[2022-07-11 17:38:58] [ INFO ] [OdontologoController:25] Se listaron los odontólogos satisfactoriamente
[2022-07-11 17:39:35] [ INFO ] [OdontologoController:46] Se guardó el odontólogo exitosamente
[2022-07-11 17:39:42] [ INFO ] [OdontologoController:46] Se guardó el odontólogo exitosamente
[2022-07-11 17:40:07] [ INFO ] [PacienteController:49] Se guardó el paciente exitosamente
[2022-07-11 17:40:19] [ INFO ] [PacienteController:49] Se guardó el paciente exitosamente
[2022-07-11 17:40:22] [ INFO ] [OdontologoController:25] Se listaron los odontólogos satisfactoriamente
[2022-07-11 17:40:22] [ INFO ] [PacienteController:26] Se listaron los pacientes satisfactoriamente
[2022-07-11 17:40:37] [ INFO ] [OdontologoController:25] Se listaron los odontólogos satisfactoriamente
[2022-07-11 17:40:37] [ INFO ] [PacienteController:26] Se listaron los pacientes satisfactoriamente
[2022-07-11 17:40:39] [ INFO ] [TurnoController:31] Se listaron los turnos satisfactoriamente
[2022-07-11 17:40:43] [ INFO ] [TurnoController:39] Se pudo mostrar el turno correctamente
[2022-07-11 17:40:53] [ INFO ] [TurnoController:31] Se listaron los turnos satisfactoriamente
[2022-07-11 17:41:02] [ INFO ] [OdontologoController:25] Se listaron los odontólogos satisfactoriamente
[2022-07-11 17:41:12] [ INFO ] [TurnoController:31] Se listaron los turnos satisfactoriamente
[2022-07-11 17:41:14] [ INFO ] [TurnoController:39] Se pudo mostrar el turno correctamente
[2022-07-11 17:41:20] [ INFO ] [TurnoController:31] Se listaron los turnos satisfactoriamente
[2022-07-11 17:41:48] [ INFO ] [TurnoController:39] Se pudo mostrar el turno correctamente
[2022-07-11 17:44:08] [ INFO ] [OdontologoController:46] Se guardó el odontólogo exitosamente
[2022-07-11 17:44:21] [ INFO ] [PacienteController:49] Se guardó el paciente exitosamente
[2022-07-11 17:44:24] [ INFO ] [PacienteController:26] Se listaron los pacientes satisfactoriamente
[2022-07-11 17:44:24] [ INFO ] [OdontologoController:25] Se listaron los odontólogos satisfactoriamente
[2022-07-11 17:44:31] [ INFO ] [OdontologoController:25] Se listaron los odontólogos satisfactoriamente
[2022-07-11 17:44:31] [ INFO ] [PacienteController:26] Se listaron los pacientes satisfactoriamente
[2022-07-11 17:44:33] [ INFO ] [TurnoController:31] Se listaron los turnos satisfactoriamente
[2022-07-11 17:44:36] [ INFO ] [TurnoController:39] Se pudo mostrar el turno correctamente
[2022-07-11 17:44:39] [ INFO ] [TurnoController:31] Se listaron los turnos satisfactoriamente
[2022-07-11 17:44:41] [ INFO ] [TurnoController:39] Se pudo mostrar el turno correctamente
[2022-07-11 17:44:48] [ INFO ] [TurnoController:31] Se listaron los turnos satisfactoriamente
[2022-07-11 17:44:53] [ INFO ] [TurnoController:39] Se pudo mostrar el turno correctamente
[2022-07-11 17:44:57] [ INFO ] [TurnoController:31] Se listaron los turnos satisfactoriamente
[2022-07-11 17:45:00] [ INFO ] [TurnoController:39] Se pudo mostrar el turno correctamente
[2022-07-11 17:45:06] [ INFO ] [TurnoController:31] Se listaron los turnos satisfactoriamente
[2022-07-11 17:47:41] [ INFO ] [TurnoController:39] Se pudo mostrar el turno correctamente
[2022-07-11 17:47:45] [ INFO ] [TurnoController:31] Se listaron los turnos satisfactoriamente
[2022-07-11 17:47:53] [ INFO ] [TurnoController:39] Se pudo mostrar el turno correctamente
[2022-07-11 17:48:36] [ INFO ] [TurnoController:31] Se listaron los turnos satisfactoriamente
[2022-07-11 17:49:08] [ INFO ] [TurnoController:71] El turno se ha actualizado correctamente
[2022-07-11 17:49:18] [ INFO ] [TurnoController:71] El turno se ha actualizado correctamente
[2022-07-11 17:49:24] [ INFO ] [TurnoController:39] Se pudo mostrar el turno correctamente
[2022-07-11 17:50:43] [ INFO ] [OdontologoController:46] Se guardó el odontólogo exitosamente
[2022-07-11 17:50:54] [ INFO ] [PacienteController:49] Se guardó el paciente exitosamente
[2022-07-11 17:50:57] [ INFO ] [OdontologoController:25] Se listaron los odontólogos satisfactoriamente
[2022-07-11 17:50:57] [ INFO ] [PacienteController:26] Se listaron los pacientes satisfactoriamente
[2022-07-11 17:51:03] [ INFO ] [OdontologoController:25] Se listaron los odontólogos satisfactoriamente
[2022-07-11 17:51:03] [ INFO ] [PacienteController:26] Se listaron los pacientes satisfactoriamente
[2022-07-11 17:51:04] [ INFO ] [TurnoController:31] Se listaron los turnos satisfactoriamente
[2022-07-11 17:51:06] [ INFO ] [TurnoController:39] Se pudo mostrar el turno correctamente
[2022-07-11 17:51:12] [ INFO ] [TurnoController:71] El turno se ha actualizado correctamente
[2022-07-11 17:51:14] [ INFO ] [TurnoController:31] Se listaron los turnos satisfactoriamente
[2022-07-11 17:51:17] [ INFO ] [TurnoController:85] Se eliminó el turno con id: 1 correctamente.
[2022-07-11 18:01:11] [ INFO ] [TurnoController:31] Se listaron los turnos satisfactoriamente
[2022-07-11 18:15:37] [ INFO ] [TurnoController:31] Se listaron los turnos satisfactoriamente
[2022-07-11 18:36:52] [ INFO ] [PacienteController:26] Se listaron los pacientes satisfactoriamente
[2022-07-11 18:36:52] [ INFO ] [OdontologoController:25] Se listaron los odontólogos satisfactoriamente
[2022-07-11 18:36:55] [ INFO ] [TurnoController:31] Se listaron los turnos satisfactoriamente
[2022-07-11 18:54:08] [ INFO ] [TurnoController:31] Se listaron los turnos satisfactoriamente
[2022-07-11 18:55:41] [ INFO ] [OdontologoController:46] Se guardó el odontólogo exitosamente
[2022-07-11 18:56:01] [ INFO ] [PacienteController:49] Se guardó el paciente exitosamente
[2022-07-11 18:56:06] [ INFO ] [PacienteController:26] Se listaron los pacientes satisfactoriamente
[2022-07-11 18:56:08] [ INFO ] [PacienteController:34] Se pudo mostrar el paciente correctamente
[2022-07-11 18:56:29] [ INFO ] [PacienteController:61] El paciente se ha actualizado correctamente
[2022-07-11 18:56:32] [ INFO ] [PacienteController:26] Se listaron los pacientes satisfactoriamente
[2022-07-11 18:57:29] [ INFO ] [TurnoController:31] Se listaron los turnos satisfactoriamente
[2022-07-11 18:57:39] [ INFO ] [OdontologoController:25] Se listaron los odontólogos satisfactoriamente
[2022-07-11 18:57:39] [ INFO ] [PacienteController:26] Se listaron los pacientes satisfactoriamente
[2022-07-11 18:57:48] [ INFO ] [OdontologoController:25] Se listaron los odontólogos satisfactoriamente
[2022-07-11 18:57:48] [ INFO ] [PacienteController:26] Se listaron los pacientes satisfactoriamente
[2022-07-11 18:57:50] [ INFO ] [TurnoController:31] Se listaron los turnos satisfactoriamente
[2022-07-11 18:57:58] [ INFO ] [TurnoController:31] Se listaron los turnos satisfactoriamente
[2022-07-11 18:58:03] [ INFO ] [TurnoController:31] Se listaron los turnos satisfactoriamente
[2022-07-11 18:59:31] [ INFO ] [PacienteController:49] Se guardó el paciente exitosamente
[2022-07-11 18:59:36] [ INFO ] [OdontologoController:46] Se guardó el odontólogo exitosamente
[2022-07-11 18:59:53] [ INFO ] [TurnoController:31] Se listaron los turnos satisfactoriamente
[2022-07-11 19:01:57] [ ERROR] [PacienteController:77] Error al ingresar el id del paciente para eliminarlo
[2022-07-11 19:02:01] [ ERROR] [OdontologoController:75] Error al ingresar el id del odontólogo para eliminarlo
[2022-07-11 19:02:05] [ ERROR] [TurnoController:89] Error al ingresar el id del turno para eliminarlo
[2022-07-11 19:02:09] [ ERROR] [PacienteController:37] No se encontró el paciente con el id 2584
[2022-07-11 19:02:13] [ ERROR] [OdontologoController:37] No se encontró el odontólogo con el id 2575
[2022-07-11 19:02:16] [ ERROR] [TurnoController:42] No se encontró el turno con el id 1676756
[2022-07-11 19:02:21] [ ERROR] [PacienteController:52] Error al intentar crear un paciente, el domicilio debe ser diligenciado.
[2022-07-11 19:02:28] [ INFO ] [PacienteController:49] Se guardó el paciente exitosamente
[2022-07-11 19:02:30] [ INFO ] [PacienteController:49] Se guardó el paciente exitosamente
[2022-07-11 19:02:41] [ INFO ] [PacienteController:61] El paciente se ha actualizado correctamente
[2022-07-11 19:02:51] [ INFO ] [PacienteController:26] Se listaron los pacientes satisfactoriamente
[2022-07-11 19:02:57] [ INFO ] [PacienteController:74] Se eliminó el paciente con id: 2 correctamente.
[2022-07-11 19:03:01] [ INFO ] [PacienteController:26] Se listaron los pacientes satisfactoriamente
[2022-07-11 19:03:04] [ INFO ] [PacienteController:34] Se pudo mostrar el paciente correctamente
[2022-07-11 19:03:10] [ INFO ] [OdontologoController:46] Se guardó el odontólogo exitosamente
[2022-07-11 19:03:13] [ INFO ] [OdontologoController:46] Se guardó el odontólogo exitosamente
[2022-07-11 19:03:16] [ INFO ] [OdontologoController:25] Se listaron los odontólogos satisfactoriamente
[2022-07-11 19:03:20] [ INFO ] [OdontologoController:58] El odontólogo se ha actualizado correctamente
[2022-07-11 19:03:26] [ INFO ] [OdontologoController:71] Se eliminó el odontólogo con id: 2 correctamente.
[2022-07-11 19:03:30] [ INFO ] [OdontologoController:33] Se pudo mostrar el odontólogo correctamente
[2022-07-11 19:03:33] [ INFO ] [OdontologoController:25] Se listaron los odontólogos satisfactoriamente
[2022-07-11 19:03:44] [ INFO ] [TurnoController:39] Se pudo mostrar el turno correctamente
[2022-07-11 19:04:21] [ INFO ] [TurnoController:71] El turno se ha actualizado correctamente
[2022-07-11 19:04:34] [ INFO ] [TurnoController:85] Se eliminó el turno con id: 2 correctamente.
[2022-07-11 19:04:37] [ INFO ] [TurnoController:39] Se pudo mostrar el turno correctamente
[2022-07-11 19:11:22] [ INFO ] [PacienteController:49] Se guardó el paciente exitosamente
[2022-07-11 19:11:27] [ INFO ] [OdontologoController:46] Se guardó el odontólogo exitosamente
[2022-07-11 19:11:37] [ INFO ] [PacienteController:49] Se guardó el paciente exitosamente
[2022-07-11 19:11:42] [ INFO ] [PacienteController:61] El paciente se ha actualizado correctamente
[2022-07-11 19:11:45] [ INFO ] [OdontologoController:46] Se guardó el odontólogo exitosamente
[2022-07-11 19:11:49] [ INFO ] [OdontologoController:58] El odontólogo se ha actualizado correctamente
[2022-07-11 19:13:54] [ INFO ] [PacienteController:49] Se guardó el paciente exitosamente
[2022-07-11 19:13:56] [ INFO ] [OdontologoController:46] Se guardó el odontólogo exitosamente
[2022-07-11 19:14:07] [ INFO ] [OdontologoController:25] Se listaron los odontólogos satisfactoriamente
[2022-07-11 19:14:10] [ INFO ] [PacienteController:26] Se listaron los pacientes satisfactoriamente
[2022-07-11 19:30:03] [ INFO ] [PacienteController:49] Se guardó el paciente exitosamente
[2022-07-11 19:30:08] [ INFO ] [PacienteController:26] Se listaron los pacientes satisfactoriamente
[2022-07-11 19:30:13] [ INFO ] [OdontologoController:46] Se guardó el odontólogo exitosamente
[2022-07-11 19:30:17] [ INFO ] [OdontologoController:25] Se listaron los odontólogos satisfactoriamente
[2022-07-11 19:34:55] [ INFO ] [PacienteController:49] Se guardó el paciente exitosamente
[2022-07-11 19:35:02] [ INFO ] [PacienteController:26] Se listaron los pacientes satisfactoriamente
[2022-07-11 19:35:07] [ INFO ] [OdontologoController:46] Se guardó el odontólogo exitosamente
[2022-07-11 19:35:11] [ INFO ] [OdontologoController:25] Se listaron los odontólogos satisfactoriamente
[2022-07-11 19:38:43] [ INFO ] [PacienteController:49] Se guardó el paciente exitosamente
[2022-07-11 19:38:47] [ INFO ] [OdontologoController:46] Se guardó el odontólogo exitosamente
[2022-07-11 19:41:52] [ ERROR] [PacienteController:77] Error al ingresar el id del paciente para eliminarlo
